INFO [2018-06-27 15:43:46] $x
INFO [2018-06-27 15:43:46] list(pop_1, pop_2, pop_3)
INFO [2018-06-27 15:43:46] 
INFO [2018-06-27 15:43:46] $category.names
INFO [2018-06-27 15:43:46] c("MIS", "BI", "DS")
INFO [2018-06-27 15:43:46] 
INFO [2018-06-27 15:43:46] $filename
INFO [2018-06-27 15:43:46] [1] "#14_venn_diagramm.png"
INFO [2018-06-27 15:43:46] 
INFO [2018-06-27 15:43:46] $output
INFO [2018-06-27 15:43:46] [1] TRUE
INFO [2018-06-27 15:43:46] 
INFO [2018-06-27 15:43:46] $imagetype
INFO [2018-06-27 15:43:46] [1] "png"
INFO [2018-06-27 15:43:46] 
INFO [2018-06-27 15:43:46] $height
INFO [2018-06-27 15:43:46] [1] 480
INFO [2018-06-27 15:43:46] 
INFO [2018-06-27 15:43:46] $width
INFO [2018-06-27 15:43:46] [1] 480
INFO [2018-06-27 15:43:46] 
INFO [2018-06-27 15:43:46] $resolution
INFO [2018-06-27 15:43:46] [1] 300
INFO [2018-06-27 15:43:46] 
INFO [2018-06-27 15:43:46] $compression
INFO [2018-06-27 15:43:46] [1] "lzw"
INFO [2018-06-27 15:43:46] 
INFO [2018-06-27 15:43:46] $lwd
INFO [2018-06-27 15:43:46] [1] 2
INFO [2018-06-27 15:43:46] 
INFO [2018-06-27 15:43:46] $lty
INFO [2018-06-27 15:43:46] [1] "blank"
INFO [2018-06-27 15:43:46] 
INFO [2018-06-27 15:43:46] $fill
INFO [2018-06-27 15:43:46] c("yellow", "purple", "green")
INFO [2018-06-27 15:43:46] 
INFO [2018-06-27 15:43:46] $cex
INFO [2018-06-27 15:43:46] [1] 1
INFO [2018-06-27 15:43:46] 
INFO [2018-06-27 15:43:46] $fontface
INFO [2018-06-27 15:43:46] [1] "bold"
INFO [2018-06-27 15:43:46] 
INFO [2018-06-27 15:43:46] $fontfamily
INFO [2018-06-27 15:43:46] [1] "sans"
INFO [2018-06-27 15:43:46] 
INFO [2018-06-27 15:43:46] $cat.cex
INFO [2018-06-27 15:43:46] [1] 0.6
INFO [2018-06-27 15:43:46] 
INFO [2018-06-27 15:43:46] $cat.fontface
INFO [2018-06-27 15:43:46] [1] "bold"
INFO [2018-06-27 15:43:46] 
INFO [2018-06-27 15:43:46] $cat.default.pos
INFO [2018-06-27 15:43:46] [1] "outer"
INFO [2018-06-27 15:43:46] 
INFO [2018-06-27 15:43:46] $cat.pos
INFO [2018-06-27 15:43:46] c(-27, 27, 135)
INFO [2018-06-27 15:43:46] 
INFO [2018-06-27 15:43:46] $cat.dist
INFO [2018-06-27 15:43:46] c(0.055, 0.055, 0.085)
INFO [2018-06-27 15:43:46] 
INFO [2018-06-27 15:43:46] $cat.fontfamily
INFO [2018-06-27 15:43:46] [1] "sans"
INFO [2018-06-27 15:43:46] 
INFO [2018-06-27 15:43:46] $rotation
INFO [2018-06-27 15:43:46] [1] 1
INFO [2018-06-27 15:43:46] 
